	[00000000] <-- 341DFFFC
	[00000004] <-- 8FA20000
	[00000008] <-- 27BD0004
	[0000000C] <-- 8FA30000
	[00000010] <-- 27BD0004
	[00000014] <-- 34040001
	[00000018] <-- 34060000
	[0000001C] <-- 34070000
	[00000020] <-- 00442824
	[00000024] <-- 10A00001
	[00000028] <-- 00C33020
	[0000002C] <-- 00831804
	[00000030] <-- 00821006
	[00000034] <-- 20E70001
	[00000038] <-- 34050020
	[0000003C] <-- 00E5282A
	[00000040] <-- 10A4FFF7
	[00000044] <-- 27BDFFFC
	[00000048] <-- AFA60000
	[0000004C] <-- FFFFFFFF
20 words loaded from meminit.hex
Starting simulation...

	Core 1
	PC <-- 00000000

00000000(Core 1): 341DFFFC ORI R29, R0, 65532
	PC <-- 00000004
	R29 <-- 0000FFFC

00000004(Core 1): 8FA20000 LW R2, 0(R29)
	PC <-- 00000008
	[word read from 0000FFFC]
	R2 <-- 00000000

00000008(Core 1): 27BD0004 ADDIU R29, R29, 4
	PC <-- 0000000C
	R29 <-- 00010000

0000000C(Core 1): 8FA30000 LW R3, 0(R29)
	PC <-- 00000010
	[word read from 00000000]
	R3 <-- 341DFFFC

00000010(Core 1): 27BD0004 ADDIU R29, R29, 4
	PC <-- 00000014
	R29 <-- 00010004

00000014(Core 1): 34040001 ORI R4, R0, 1
	PC <-- 00000018
	R4 <-- 00000001

00000018(Core 1): 34060000 ORI R6, R0, 0
	PC <-- 0000001C
	R6 <-- 00000000

0000001C(Core 1): 34070000 ORI R7, R0, 0
	PC <-- 00000020
	R7 <-- 00000000

00000020(Core 1): 00442824 AND R5, R2, R4
	PC <-- 00000024
	R5 <-- 00000000

00000024(Core 1): 10A00001 BEQ R5, R0, 44
	PC <-- 0000002C

0000002C(Core 1): 00831804 SLLV R3, R4, R3
	PC <-- 00000030
	R3 <-- 683BFFF8

00000030(Core 1): 00821006 SRLV R2, R4, R2
	PC <-- 00000034
	R2 <-- 00000000

00000034(Core 1): 20E70001 ADDI R7, R7, 1
	PC <-- 00000038
	R7 <-- 00000001

00000038(Core 1): 34050020 ORI R5, R0, 32
	PC <-- 0000003C
	R5 <-- 00000020

0000003C(Core 1): 00E5282A SLT R5, R7, R5
	PC <-- 00000040
	R5 <-- 00000001

00000040(Core 1): 10A4FFF7 BEQ R5, R4, 32
	PC <-- 00000020

00000020(Core 1): 00442824 AND R5, R2, R4
	PC <-- 00000024
	R5 <-- 00000000

00000024(Core 1): 10A00001 BEQ R5, R0, 44
	PC <-- 0000002C

0000002C(Core 1): 00831804 SLLV R3, R4, R3
	PC <-- 00000030
	R3 <-- D077FFF0

00000030(Core 1): 00821006 SRLV R2, R4, R2
	PC <-- 00000034
	R2 <-- 00000000

00000034(Core 1): 20E70001 ADDI R7, R7, 1
	PC <-- 00000038
	R7 <-- 00000002

00000038(Core 1): 34050020 ORI R5, R0, 32
	PC <-- 0000003C
	R5 <-- 00000020

0000003C(Core 1): 00E5282A SLT R5, R7, R5
	PC <-- 00000040
	R5 <-- 00000001

00000040(Core 1): 10A4FFF7 BEQ R5, R4, 32
	PC <-- 00000020

00000020(Core 1): 00442824 AND R5, R2, R4
	PC <-- 00000024
	R5 <-- 00000000

00000024(Core 1): 10A00001 BEQ R5, R0, 44
	PC <-- 0000002C

0000002C(Core 1): 00831804 SLLV R3, R4, R3
	PC <-- 00000030
	R3 <-- A0EFFFE0

00000030(Core 1): 00821006 SRLV R2, R4, R2
	PC <-- 00000034
	R2 <-- 00000000

00000034(Core 1): 20E70001 ADDI R7, R7, 1
	PC <-- 00000038
	R7 <-- 00000003

00000038(Core 1): 34050020 ORI R5, R0, 32
	PC <-- 0000003C
	R5 <-- 00000020

0000003C(Core 1): 00E5282A SLT R5, R7, R5
	PC <-- 00000040
	R5 <-- 00000001

00000040(Core 1): 10A4FFF7 BEQ R5, R4, 32
	PC <-- 00000020

00000020(Core 1): 00442824 AND R5, R2, R4
	PC <-- 00000024
	R5 <-- 00000000

00000024(Core 1): 10A00001 BEQ R5, R0, 44
	PC <-- 0000002C

0000002C(Core 1): 00831804 SLLV R3, R4, R3
	PC <-- 00000030
	R3 <-- 41DFFFC0

00000030(Core 1): 00821006 SRLV R2, R4, R2
	PC <-- 00000034
	R2 <-- 00000000

00000034(Core 1): 20E70001 ADDI R7, R7, 1
	PC <-- 00000038
	R7 <-- 00000004

00000038(Core 1): 34050020 ORI R5, R0, 32
	PC <-- 0000003C
	R5 <-- 00000020

0000003C(Core 1): 00E5282A SLT R5, R7, R5
	PC <-- 00000040
	R5 <-- 00000001

00000040(Core 1): 10A4FFF7 BEQ R5, R4, 32
	PC <-- 00000020

00000020(Core 1): 00442824 AND R5, R2, R4
	PC <-- 00000024
	R5 <-- 00000000

00000024(Core 1): 10A00001 BEQ R5, R0, 44
	PC <-- 0000002C

0000002C(Core 1): 00831804 SLLV R3, R4, R3
	PC <-- 00000030
	R3 <-- 83BFFF80

00000030(Core 1): 00821006 SRLV R2, R4, R2
	PC <-- 00000034
	R2 <-- 00000000

00000034(Core 1): 20E70001 ADDI R7, R7, 1
	PC <-- 00000038
	R7 <-- 00000005

00000038(Core 1): 34050020 ORI R5, R0, 32
	PC <-- 0000003C
	R5 <-- 00000020

0000003C(Core 1): 00E5282A SLT R5, R7, R5
	PC <-- 00000040
	R5 <-- 00000001

00000040(Core 1): 10A4FFF7 BEQ R5, R4, 32
	PC <-- 00000020

00000020(Core 1): 00442824 AND R5, R2, R4
	PC <-- 00000024
	R5 <-- 00000000

00000024(Core 1): 10A00001 BEQ R5, R0, 44
	PC <-- 0000002C

0000002C(Core 1): 00831804 SLLV R3, R4, R3
	PC <-- 00000030
	R3 <-- 077FFF00

00000030(Core 1): 00821006 SRLV R2, R4, R2
	PC <-- 00000034
	R2 <-- 00000000

00000034(Core 1): 20E70001 ADDI R7, R7, 1
	PC <-- 00000038
	R7 <-- 00000006

00000038(Core 1): 34050020 ORI R5, R0, 32
	PC <-- 0000003C
	R5 <-- 00000020

0000003C(Core 1): 00E5282A SLT R5, R7, R5
	PC <-- 00000040
	R5 <-- 00000001

00000040(Core 1): 10A4FFF7 BEQ R5, R4, 32
	PC <-- 00000020

00000020(Core 1): 00442824 AND R5, R2, R4
	PC <-- 00000024
	R5 <-- 00000000

00000024(Core 1): 10A00001 BEQ R5, R0, 44
	PC <-- 0000002C

0000002C(Core 1): 00831804 SLLV R3, R4, R3
	PC <-- 00000030
	R3 <-- 0EFFFE00

00000030(Core 1): 00821006 SRLV R2, R4, R2
	PC <-- 00000034
	R2 <-- 00000000

00000034(Core 1): 20E70001 ADDI R7, R7, 1
	PC <-- 00000038
	R7 <-- 00000007

00000038(Core 1): 34050020 ORI R5, R0, 32
	PC <-- 0000003C
	R5 <-- 00000020

0000003C(Core 1): 00E5282A SLT R5, R7, R5
	PC <-- 00000040
	R5 <-- 00000001

00000040(Core 1): 10A4FFF7 BEQ R5, R4, 32
	PC <-- 00000020

00000020(Core 1): 00442824 AND R5, R2, R4
	PC <-- 00000024
	R5 <-- 00000000

00000024(Core 1): 10A00001 BEQ R5, R0, 44
	PC <-- 0000002C

0000002C(Core 1): 00831804 SLLV R3, R4, R3
	PC <-- 00000030
	R3 <-- 1DFFFC00

00000030(Core 1): 00821006 SRLV R2, R4, R2
	PC <-- 00000034
	R2 <-- 00000000

00000034(Core 1): 20E70001 ADDI R7, R7, 1
	PC <-- 00000038
	R7 <-- 00000008

00000038(Core 1): 34050020 ORI R5, R0, 32
	PC <-- 0000003C
	R5 <-- 00000020

0000003C(Core 1): 00E5282A SLT R5, R7, R5
	PC <-- 00000040
	R5 <-- 00000001

00000040(Core 1): 10A4FFF7 BEQ R5, R4, 32
	PC <-- 00000020

00000020(Core 1): 00442824 AND R5, R2, R4
	PC <-- 00000024
	R5 <-- 00000000

00000024(Core 1): 10A00001 BEQ R5, R0, 44
	PC <-- 0000002C

0000002C(Core 1): 00831804 SLLV R3, R4, R3
	PC <-- 00000030
	R3 <-- 3BFFF800

00000030(Core 1): 00821006 SRLV R2, R4, R2
	PC <-- 00000034
	R2 <-- 00000000

00000034(Core 1): 20E70001 ADDI R7, R7, 1
	PC <-- 00000038
	R7 <-- 00000009

00000038(Core 1): 34050020 ORI R5, R0, 32
	PC <-- 0000003C
	R5 <-- 00000020

0000003C(Core 1): 00E5282A SLT R5, R7, R5
	PC <-- 00000040
	R5 <-- 00000001

00000040(Core 1): 10A4FFF7 BEQ R5, R4, 32
	PC <-- 00000020

00000020(Core 1): 00442824 AND R5, R2, R4
	PC <-- 00000024
	R5 <-- 00000000

00000024(Core 1): 10A00001 BEQ R5, R0, 44
	PC <-- 0000002C

0000002C(Core 1): 00831804 SLLV R3, R4, R3
	PC <-- 00000030
	R3 <-- 77FFF000

00000030(Core 1): 00821006 SRLV R2, R4, R2
	PC <-- 00000034
	R2 <-- 00000000

00000034(Core 1): 20E70001 ADDI R7, R7, 1
	PC <-- 00000038
	R7 <-- 0000000A

00000038(Core 1): 34050020 ORI R5, R0, 32
	PC <-- 0000003C
	R5 <-- 00000020

0000003C(Core 1): 00E5282A SLT R5, R7, R5
	PC <-- 00000040
	R5 <-- 00000001

00000040(Core 1): 10A4FFF7 BEQ R5, R4, 32
	PC <-- 00000020

00000020(Core 1): 00442824 AND R5, R2, R4
	PC <-- 00000024
	R5 <-- 00000000

00000024(Core 1): 10A00001 BEQ R5, R0, 44
	PC <-- 0000002C

0000002C(Core 1): 00831804 SLLV R3, R4, R3
	PC <-- 00000030
	R3 <-- EFFFE000

00000030(Core 1): 00821006 SRLV R2, R4, R2
	PC <-- 00000034
	R2 <-- 00000000

00000034(Core 1): 20E70001 ADDI R7, R7, 1
	PC <-- 00000038
	R7 <-- 0000000B

00000038(Core 1): 34050020 ORI R5, R0, 32
	PC <-- 0000003C
	R5 <-- 00000020

0000003C(Core 1): 00E5282A SLT R5, R7, R5
	PC <-- 00000040
	R5 <-- 00000001

00000040(Core 1): 10A4FFF7 BEQ R5, R4, 32
	PC <-- 00000020

00000020(Core 1): 00442824 AND R5, R2, R4
	PC <-- 00000024
	R5 <-- 00000000

00000024(Core 1): 10A00001 BEQ R5, R0, 44
	PC <-- 0000002C

0000002C(Core 1): 00831804 SLLV R3, R4, R3
	PC <-- 00000030
	R3 <-- DFFFC000

00000030(Core 1): 00821006 SRLV R2, R4, R2
	PC <-- 00000034
	R2 <-- 00000000

00000034(Core 1): 20E70001 ADDI R7, R7, 1
	PC <-- 00000038
	R7 <-- 0000000C

00000038(Core 1): 34050020 ORI R5, R0, 32
	PC <-- 0000003C
	R5 <-- 00000020

0000003C(Core 1): 00E5282A SLT R5, R7, R5
	PC <-- 00000040
	R5 <-- 00000001

00000040(Core 1): 10A4FFF7 BEQ R5, R4, 32
	PC <-- 00000020

00000020(Core 1): 00442824 AND R5, R2, R4
	PC <-- 00000024
	R5 <-- 00000000

00000024(Core 1): 10A00001 BEQ R5, R0, 44
	PC <-- 0000002C

0000002C(Core 1): 00831804 SLLV R3, R4, R3
	PC <-- 00000030
	R3 <-- BFFF8000

00000030(Core 1): 00821006 SRLV R2, R4, R2
	PC <-- 00000034
	R2 <-- 00000000

00000034(Core 1): 20E70001 ADDI R7, R7, 1
	PC <-- 00000038
	R7 <-- 0000000D

00000038(Core 1): 34050020 ORI R5, R0, 32
	PC <-- 0000003C
	R5 <-- 00000020

0000003C(Core 1): 00E5282A SLT R5, R7, R5
	PC <-- 00000040
	R5 <-- 00000001

00000040(Core 1): 10A4FFF7 BEQ R5, R4, 32
	PC <-- 00000020

00000020(Core 1): 00442824 AND R5, R2, R4
	PC <-- 00000024
	R5 <-- 00000000

00000024(Core 1): 10A00001 BEQ R5, R0, 44
	PC <-- 0000002C

0000002C(Core 1): 00831804 SLLV R3, R4, R3
	PC <-- 00000030
	R3 <-- 7FFF0000

00000030(Core 1): 00821006 SRLV R2, R4, R2
	PC <-- 00000034
	R2 <-- 00000000

00000034(Core 1): 20E70001 ADDI R7, R7, 1
	PC <-- 00000038
	R7 <-- 0000000E

00000038(Core 1): 34050020 ORI R5, R0, 32
	PC <-- 0000003C
	R5 <-- 00000020

0000003C(Core 1): 00E5282A SLT R5, R7, R5
	PC <-- 00000040
	R5 <-- 00000001

00000040(Core 1): 10A4FFF7 BEQ R5, R4, 32
	PC <-- 00000020

00000020(Core 1): 00442824 AND R5, R2, R4
	PC <-- 00000024
	R5 <-- 00000000

00000024(Core 1): 10A00001 BEQ R5, R0, 44
	PC <-- 0000002C

0000002C(Core 1): 00831804 SLLV R3, R4, R3
	PC <-- 00000030
	R3 <-- FFFE0000

00000030(Core 1): 00821006 SRLV R2, R4, R2
	PC <-- 00000034
	R2 <-- 00000000

00000034(Core 1): 20E70001 ADDI R7, R7, 1
	PC <-- 00000038
	R7 <-- 0000000F

00000038(Core 1): 34050020 ORI R5, R0, 32
	PC <-- 0000003C
	R5 <-- 00000020

0000003C(Core 1): 00E5282A SLT R5, R7, R5
	PC <-- 00000040
	R5 <-- 00000001

00000040(Core 1): 10A4FFF7 BEQ R5, R4, 32
	PC <-- 00000020

00000020(Core 1): 00442824 AND R5, R2, R4
	PC <-- 00000024
	R5 <-- 00000000

00000024(Core 1): 10A00001 BEQ R5, R0, 44
	PC <-- 0000002C

0000002C(Core 1): 00831804 SLLV R3, R4, R3
	PC <-- 00000030
	R3 <-- FFFC0000

00000030(Core 1): 00821006 SRLV R2, R4, R2
	PC <-- 00000034
	R2 <-- 00000000

00000034(Core 1): 20E70001 ADDI R7, R7, 1
	PC <-- 00000038
	R7 <-- 00000010

00000038(Core 1): 34050020 ORI R5, R0, 32
	PC <-- 0000003C
	R5 <-- 00000020

0000003C(Core 1): 00E5282A SLT R5, R7, R5
	PC <-- 00000040
	R5 <-- 00000001

00000040(Core 1): 10A4FFF7 BEQ R5, R4, 32
	PC <-- 00000020

00000020(Core 1): 00442824 AND R5, R2, R4
	PC <-- 00000024
	R5 <-- 00000000

00000024(Core 1): 10A00001 BEQ R5, R0, 44
	PC <-- 0000002C

0000002C(Core 1): 00831804 SLLV R3, R4, R3
	PC <-- 00000030
	R3 <-- FFF80000

00000030(Core 1): 00821006 SRLV R2, R4, R2
	PC <-- 00000034
	R2 <-- 00000000

00000034(Core 1): 20E70001 ADDI R7, R7, 1
	PC <-- 00000038
	R7 <-- 00000011

00000038(Core 1): 34050020 ORI R5, R0, 32
	PC <-- 0000003C
	R5 <-- 00000020

0000003C(Core 1): 00E5282A SLT R5, R7, R5
	PC <-- 00000040
	R5 <-- 00000001

00000040(Core 1): 10A4FFF7 BEQ R5, R4, 32
	PC <-- 00000020

00000020(Core 1): 00442824 AND R5, R2, R4
	PC <-- 00000024
	R5 <-- 00000000

00000024(Core 1): 10A00001 BEQ R5, R0, 44
	PC <-- 0000002C

0000002C(Core 1): 00831804 SLLV R3, R4, R3
	PC <-- 00000030
	R3 <-- FFF00000

00000030(Core 1): 00821006 SRLV R2, R4, R2
	PC <-- 00000034
	R2 <-- 00000000

00000034(Core 1): 20E70001 ADDI R7, R7, 1
	PC <-- 00000038
	R7 <-- 00000012

00000038(Core 1): 34050020 ORI R5, R0, 32
	PC <-- 0000003C
	R5 <-- 00000020

0000003C(Core 1): 00E5282A SLT R5, R7, R5
	PC <-- 00000040
	R5 <-- 00000001

00000040(Core 1): 10A4FFF7 BEQ R5, R4, 32
	PC <-- 00000020

00000020(Core 1): 00442824 AND R5, R2, R4
	PC <-- 00000024
	R5 <-- 00000000

00000024(Core 1): 10A00001 BEQ R5, R0, 44
	PC <-- 0000002C

0000002C(Core 1): 00831804 SLLV R3, R4, R3
	PC <-- 00000030
	R3 <-- FFE00000

00000030(Core 1): 00821006 SRLV R2, R4, R2
	PC <-- 00000034
	R2 <-- 00000000

00000034(Core 1): 20E70001 ADDI R7, R7, 1
	PC <-- 00000038
	R7 <-- 00000013

00000038(Core 1): 34050020 ORI R5, R0, 32
	PC <-- 0000003C
	R5 <-- 00000020

0000003C(Core 1): 00E5282A SLT R5, R7, R5
	PC <-- 00000040
	R5 <-- 00000001

00000040(Core 1): 10A4FFF7 BEQ R5, R4, 32
	PC <-- 00000020

00000020(Core 1): 00442824 AND R5, R2, R4
	PC <-- 00000024
	R5 <-- 00000000

00000024(Core 1): 10A00001 BEQ R5, R0, 44
	PC <-- 0000002C

0000002C(Core 1): 00831804 SLLV R3, R4, R3
	PC <-- 00000030
	R3 <-- FFC00000

00000030(Core 1): 00821006 SRLV R2, R4, R2
	PC <-- 00000034
	R2 <-- 00000000

00000034(Core 1): 20E70001 ADDI R7, R7, 1
	PC <-- 00000038
	R7 <-- 00000014

00000038(Core 1): 34050020 ORI R5, R0, 32
	PC <-- 0000003C
	R5 <-- 00000020

0000003C(Core 1): 00E5282A SLT R5, R7, R5
	PC <-- 00000040
	R5 <-- 00000001

00000040(Core 1): 10A4FFF7 BEQ R5, R4, 32
	PC <-- 00000020

00000020(Core 1): 00442824 AND R5, R2, R4
	PC <-- 00000024
	R5 <-- 00000000

00000024(Core 1): 10A00001 BEQ R5, R0, 44
	PC <-- 0000002C

0000002C(Core 1): 00831804 SLLV R3, R4, R3
	PC <-- 00000030
	R3 <-- FF800000

00000030(Core 1): 00821006 SRLV R2, R4, R2
	PC <-- 00000034
	R2 <-- 00000000

00000034(Core 1): 20E70001 ADDI R7, R7, 1
	PC <-- 00000038
	R7 <-- 00000015

00000038(Core 1): 34050020 ORI R5, R0, 32
	PC <-- 0000003C
	R5 <-- 00000020

0000003C(Core 1): 00E5282A SLT R5, R7, R5
	PC <-- 00000040
	R5 <-- 00000001

00000040(Core 1): 10A4FFF7 BEQ R5, R4, 32
	PC <-- 00000020

00000020(Core 1): 00442824 AND R5, R2, R4
	PC <-- 00000024
	R5 <-- 00000000

00000024(Core 1): 10A00001 BEQ R5, R0, 44
	PC <-- 0000002C

0000002C(Core 1): 00831804 SLLV R3, R4, R3
	PC <-- 00000030
	R3 <-- FF000000

00000030(Core 1): 00821006 SRLV R2, R4, R2
	PC <-- 00000034
	R2 <-- 00000000

00000034(Core 1): 20E70001 ADDI R7, R7, 1
	PC <-- 00000038
	R7 <-- 00000016

00000038(Core 1): 34050020 ORI R5, R0, 32
	PC <-- 0000003C
	R5 <-- 00000020

0000003C(Core 1): 00E5282A SLT R5, R7, R5
	PC <-- 00000040
	R5 <-- 00000001

00000040(Core 1): 10A4FFF7 BEQ R5, R4, 32
	PC <-- 00000020

00000020(Core 1): 00442824 AND R5, R2, R4
	PC <-- 00000024
	R5 <-- 00000000

00000024(Core 1): 10A00001 BEQ R5, R0, 44
	PC <-- 0000002C

0000002C(Core 1): 00831804 SLLV R3, R4, R3
	PC <-- 00000030
	R3 <-- FE000000

00000030(Core 1): 00821006 SRLV R2, R4, R2
	PC <-- 00000034
	R2 <-- 00000000

00000034(Core 1): 20E70001 ADDI R7, R7, 1
	PC <-- 00000038
	R7 <-- 00000017

00000038(Core 1): 34050020 ORI R5, R0, 32
	PC <-- 0000003C
	R5 <-- 00000020

0000003C(Core 1): 00E5282A SLT R5, R7, R5
	PC <-- 00000040
	R5 <-- 00000001

00000040(Core 1): 10A4FFF7 BEQ R5, R4, 32
	PC <-- 00000020

00000020(Core 1): 00442824 AND R5, R2, R4
	PC <-- 00000024
	R5 <-- 00000000

00000024(Core 1): 10A00001 BEQ R5, R0, 44
	PC <-- 0000002C

0000002C(Core 1): 00831804 SLLV R3, R4, R3
	PC <-- 00000030
	R3 <-- FC000000

00000030(Core 1): 00821006 SRLV R2, R4, R2
	PC <-- 00000034
	R2 <-- 00000000

00000034(Core 1): 20E70001 ADDI R7, R7, 1
	PC <-- 00000038
	R7 <-- 00000018

00000038(Core 1): 34050020 ORI R5, R0, 32
	PC <-- 0000003C
	R5 <-- 00000020

0000003C(Core 1): 00E5282A SLT R5, R7, R5
	PC <-- 00000040
	R5 <-- 00000001

00000040(Core 1): 10A4FFF7 BEQ R5, R4, 32
	PC <-- 00000020

00000020(Core 1): 00442824 AND R5, R2, R4
	PC <-- 00000024
	R5 <-- 00000000

00000024(Core 1): 10A00001 BEQ R5, R0, 44
	PC <-- 0000002C

0000002C(Core 1): 00831804 SLLV R3, R4, R3
	PC <-- 00000030
	R3 <-- F8000000

00000030(Core 1): 00821006 SRLV R2, R4, R2
	PC <-- 00000034
	R2 <-- 00000000

00000034(Core 1): 20E70001 ADDI R7, R7, 1
	PC <-- 00000038
	R7 <-- 00000019

00000038(Core 1): 34050020 ORI R5, R0, 32
	PC <-- 0000003C
	R5 <-- 00000020

0000003C(Core 1): 00E5282A SLT R5, R7, R5
	PC <-- 00000040
	R5 <-- 00000001

00000040(Core 1): 10A4FFF7 BEQ R5, R4, 32
	PC <-- 00000020

00000020(Core 1): 00442824 AND R5, R2, R4
	PC <-- 00000024
	R5 <-- 00000000

00000024(Core 1): 10A00001 BEQ R5, R0, 44
	PC <-- 0000002C

0000002C(Core 1): 00831804 SLLV R3, R4, R3
	PC <-- 00000030
	R3 <-- F0000000

00000030(Core 1): 00821006 SRLV R2, R4, R2
	PC <-- 00000034
	R2 <-- 00000000

00000034(Core 1): 20E70001 ADDI R7, R7, 1
	PC <-- 00000038
	R7 <-- 0000001A

00000038(Core 1): 34050020 ORI R5, R0, 32
	PC <-- 0000003C
	R5 <-- 00000020

0000003C(Core 1): 00E5282A SLT R5, R7, R5
	PC <-- 00000040
	R5 <-- 00000001

00000040(Core 1): 10A4FFF7 BEQ R5, R4, 32
	PC <-- 00000020

00000020(Core 1): 00442824 AND R5, R2, R4
	PC <-- 00000024
	R5 <-- 00000000

00000024(Core 1): 10A00001 BEQ R5, R0, 44
	PC <-- 0000002C

0000002C(Core 1): 00831804 SLLV R3, R4, R3
	PC <-- 00000030
	R3 <-- E0000000

00000030(Core 1): 00821006 SRLV R2, R4, R2
	PC <-- 00000034
	R2 <-- 00000000

00000034(Core 1): 20E70001 ADDI R7, R7, 1
	PC <-- 00000038
	R7 <-- 0000001B

00000038(Core 1): 34050020 ORI R5, R0, 32
	PC <-- 0000003C
	R5 <-- 00000020

0000003C(Core 1): 00E5282A SLT R5, R7, R5
	PC <-- 00000040
	R5 <-- 00000001

00000040(Core 1): 10A4FFF7 BEQ R5, R4, 32
	PC <-- 00000020

00000020(Core 1): 00442824 AND R5, R2, R4
	PC <-- 00000024
	R5 <-- 00000000

00000024(Core 1): 10A00001 BEQ R5, R0, 44
	PC <-- 0000002C

0000002C(Core 1): 00831804 SLLV R3, R4, R3
	PC <-- 00000030
	R3 <-- C0000000

00000030(Core 1): 00821006 SRLV R2, R4, R2
	PC <-- 00000034
	R2 <-- 00000000

00000034(Core 1): 20E70001 ADDI R7, R7, 1
	PC <-- 00000038
	R7 <-- 0000001C

00000038(Core 1): 34050020 ORI R5, R0, 32
	PC <-- 0000003C
	R5 <-- 00000020

0000003C(Core 1): 00E5282A SLT R5, R7, R5
	PC <-- 00000040
	R5 <-- 00000001

00000040(Core 1): 10A4FFF7 BEQ R5, R4, 32
	PC <-- 00000020

00000020(Core 1): 00442824 AND R5, R2, R4
	PC <-- 00000024
	R5 <-- 00000000

00000024(Core 1): 10A00001 BEQ R5, R0, 44
	PC <-- 0000002C

0000002C(Core 1): 00831804 SLLV R3, R4, R3
	PC <-- 00000030
	R3 <-- 80000000

00000030(Core 1): 00821006 SRLV R2, R4, R2
	PC <-- 00000034
	R2 <-- 00000000

00000034(Core 1): 20E70001 ADDI R7, R7, 1
	PC <-- 00000038
	R7 <-- 0000001D

00000038(Core 1): 34050020 ORI R5, R0, 32
	PC <-- 0000003C
	R5 <-- 00000020

0000003C(Core 1): 00E5282A SLT R5, R7, R5
	PC <-- 00000040
	R5 <-- 00000001

00000040(Core 1): 10A4FFF7 BEQ R5, R4, 32
	PC <-- 00000020

00000020(Core 1): 00442824 AND R5, R2, R4
	PC <-- 00000024
	R5 <-- 00000000

00000024(Core 1): 10A00001 BEQ R5, R0, 44
	PC <-- 0000002C

0000002C(Core 1): 00831804 SLLV R3, R4, R3
	PC <-- 00000030
	R3 <-- 00000000

00000030(Core 1): 00821006 SRLV R2, R4, R2
	PC <-- 00000034
	R2 <-- 00000000

00000034(Core 1): 20E70001 ADDI R7, R7, 1
	PC <-- 00000038
	R7 <-- 0000001E

00000038(Core 1): 34050020 ORI R5, R0, 32
	PC <-- 0000003C
	R5 <-- 00000020

0000003C(Core 1): 00E5282A SLT R5, R7, R5
	PC <-- 00000040
	R5 <-- 00000001

00000040(Core 1): 10A4FFF7 BEQ R5, R4, 32
	PC <-- 00000020

00000020(Core 1): 00442824 AND R5, R2, R4
	PC <-- 00000024
	R5 <-- 00000000

00000024(Core 1): 10A00001 BEQ R5, R0, 44
	PC <-- 0000002C

0000002C(Core 1): 00831804 SLLV R3, R4, R3
	PC <-- 00000030
	R3 <-- 00000000

00000030(Core 1): 00821006 SRLV R2, R4, R2
	PC <-- 00000034
	R2 <-- 00000000

00000034(Core 1): 20E70001 ADDI R7, R7, 1
	PC <-- 00000038
	R7 <-- 0000001F

00000038(Core 1): 34050020 ORI R5, R0, 32
	PC <-- 0000003C
	R5 <-- 00000020

0000003C(Core 1): 00E5282A SLT R5, R7, R5
	PC <-- 00000040
	R5 <-- 00000001

00000040(Core 1): 10A4FFF7 BEQ R5, R4, 32
	PC <-- 00000020

00000020(Core 1): 00442824 AND R5, R2, R4
	PC <-- 00000024
	R5 <-- 00000000

00000024(Core 1): 10A00001 BEQ R5, R0, 44
	PC <-- 0000002C

0000002C(Core 1): 00831804 SLLV R3, R4, R3
	PC <-- 00000030
	R3 <-- 00000000

00000030(Core 1): 00821006 SRLV R2, R4, R2
	PC <-- 00000034
	R2 <-- 00000000

00000034(Core 1): 20E70001 ADDI R7, R7, 1
	PC <-- 00000038
	R7 <-- 00000020

00000038(Core 1): 34050020 ORI R5, R0, 32
	PC <-- 0000003C
	R5 <-- 00000020

0000003C(Core 1): 00E5282A SLT R5, R7, R5
	PC <-- 00000040
	R5 <-- 00000000

00000040(Core 1): 10A4FFF7 BEQ R5, R4, 32
	PC <-- 00000044

00000044(Core 1): 27BDFFFC ADDIU R29, R29, -4
	PC <-- 00000048
	R29 <-- 00010000

00000048(Core 1): AFA60000 SW R6, 0(R29)
	PC <-- 0000004C
	**Coherence Invalidation
	RMW <-- 00000001
	[00000000] <-- 00000000

0000004C(Core 1): FFFFFFFF HALT
	PC <-- 00000050
HALT executed(Core 1).
Done simulating...

Instruction Breakdown:

	  BEQ:   64 (23.97%)
	 ADDI:   32 (11.99%)
	 ADDIU:    3 (1.12%)
	  ORI:   36 (13.48%)
	   LW:    2 (0.75%)
	   SW:    1 (0.37%)
	 HALT:    1 (0.37%)
	 SLLV:   32 (11.99%)
	 SRLV:   32 (11.99%)
	  AND:   32 (11.99%)
	  SLT:   32 (11.99%)
	 TOTAL:  267

	PC: 00000050

General Purpose Registers:
	R 0: 00000000	R 1: 00000000	R 2: 00000000	R 3: 00000000
	R 4: 00000001	R 5: 00000000	R 6: 00000000	R 7: 00000020
	R 8: 00000000	R 9: 00000000	R10: 00000000	R11: 00000000
	R12: 00000000	R13: 00000000	R14: 00000000	R15: 00000000
	R16: 00000000	R17: 00000000	R18: 00000000	R19: 00000000
	R20: 00000000	R21: 00000000	R22: 00000000	R23: 00000000
	R24: 00000000	R25: 00000000	R26: 00000000	R27: 00000000
	R28: 00000000	R29: 00010000	R30: 00000000	R31: 00000000
